0 info it worked if it ends with ok
1 warn npm npm does not support Node.js v10.24.0
2 warn npm You should probably upgrade to a newer version of node as we
3 warn npm can't make any promises that npm will work with this version.
4 warn npm Supported releases of Node.js are the latest release of 4, 6, 7, 8, 9.
5 warn npm You can find the latest version at https://nodejs.org/
6 verbose cli [ '/usr/bin/node', '/usr/bin/npm', 'run', 'dev' ]
7 info using npm@5.8.0
8 info using node@v10.24.0
9 verbose stack Error: Failed to parse json
9 verbose stack Unexpected token П in JSON at position 4 while parsing near '
9 verbose stack
9 verbose stack
9 verbose stack
9 verbose stack Полина Дробышева
9 verbose stack 127...'
9 verbose stack     at parseError (/usr/lib/nodejs/read-package-json/read-json.js:452:11)
9 verbose stack     at parseJson (/usr/lib/nodejs/read-package-json/read-json.js:104:26)
9 verbose stack     at /usr/lib/nodejs/read-package-json/read-json.js:51:5
9 verbose stack     at /usr/lib/nodejs/graceful-fs/graceful-fs.js:78:16
9 verbose stack     at FSReqWrap.readFileAfterClose [as oncomplete] (internal/fs/read_file_context.js:53:3)
10 verbose cwd /home/andrew/technograd
11 verbose Linux 4.19.0-23-amd64
12 verbose argv "/usr/bin/node" "/usr/bin/npm" "run" "dev"
13 verbose node v10.24.0
14 verbose npm  v5.8.0
15 error file /home/andrew/technograd/package.json
16 error code EJSONPARSE
17 error Failed to parse json
17 error Unexpected token П in JSON at position 4 while parsing near '
17 error
17 error
17 error
17 error Полина Дробышева
17 error 127...'
18 error File: /home/andrew/technograd/package.json
19 error Failed to parse package.json data.
19 error package.json must be actual JSON, not just JavaScript.
19 error
19 error Tell the package author to fix their package.json file. JSON.parse
20 verbose exit [ 1, true ]
